#
# A fatal error has been detected by the Java Runtime Environment:
#
#  EXCEPTION_ACCESS_VIOLATION (0xc0000005) at pc=0x00007ffaca3d2abb, pid=21168, tid=8376
#
# JRE version: Java(TM) SE Runtime Environment (24.0.2+12) (build 24.0.2+12-54)
# Java VM: Java HotSpot(TM) 64-Bit Server VM (24.0.2+12-54, mixed mode, sharing, tiered, compressed oops, compressed class ptrs, g1 gc, windows-amd64)
# Problematic frame:
# C  [libasyncProfiler.dll+0x92abb]
#
# No core dump will be written. Minidumps are not enabled by default on client versions of Windows
#
# JFR recording file will be written. Location: D:\java_projects\new_battle\hs_err_pid21168.jfr
#
# If you would like to submit a bug report, please visit:
#   https://bugreport.java.com/bugreport/crash.jsp
# The crash happened outside the Java Virtual Machine in native code.
# See problematic frame for where to report the bug.
#

---------------  S U M M A R Y ------------

Command Line: --enable-preview -javaagent:D:\Games\IntelliJ IDEA 2024.2.4\lib\idea_rt.jar=63000:D:\Games\IntelliJ IDEA 2024.2.4\bin -Dfile.encoding=UTF-8 -Dsun.stdout.encoding=UTF-8 -Dsun.stderr.encoding=UTF-8 Main

Host: AMD Ryzen 5 5600H with Radeon Graphics         , 12 cores, 5G,  Windows 11 , 64 bit Build 26100 (10.0.26100.7705)
Time: Tue Mar 10 01:32:52 2026 India Standard Time elapsed time: 52.132953 seconds (0d 0h 0m 52s)

---------------  T H R E A D  ---------------

Current thread (0x000001d2142653f0):  JavaThread "Attach Listener" daemon [_thread_in_native, id=8376, stack(0x00000025c7400000,0x00000025c7500000) (1024K)]

Stack: [0x00000025c7400000,0x00000025c7500000],  sp=0x00000025c74fec10,  free space=1019k
Native frames: (J=compiled Java code, j=interpreted, Vv=VM code, C=native code)
C  [libasyncProfiler.dll+0x92abb]  (no source info available)
C  [libasyncProfiler.dll+0x92f9b]  (no source info available)
C  [libasyncProfiler.dll+0x91bf4]  (no source info available)
C  [libasyncProfiler.dll+0x92479]  (no source info available)
C  [libasyncProfiler.dll+0x8d061]  (no source info available)
C  [libasyncProfiler.dll+0x7e841]  (no source info available)
C  [libasyncProfiler.dll+0x7d528]  (no source info available)
C  [libasyncProfiler.dll+0x7d418]  (no source info available)
C  [libasyncProfiler.dll+0x844ca]  (no source info available)
V  [jvm.dll+0x57ef37]  (no source info available)
V  [jvm.dll+0x57fcdc]  (no source info available)
V  [jvm.dll+0x14c8f7]  (no source info available)
V  [jvm.dll+0x14deb1]  (no source info available)
V  [jvm.dll+0x42f396]  (no source info available)
V  [jvm.dll+0x87d9eb]  (no source info available)
V  [jvm.dll+0x72ef45]  (no source info available)
C  [ucrtbase.dll+0x37b0]  (no source info available)
C  [KERNEL32.DLL+0x2e8d7]  (no source info available)
C  [ntdll.dll+0x8c40c]  (no source info available)


siginfo: EXCEPTION_ACCESS_VIOLATION (0xc0000005), reading address 0xffffffffffffffff


Registers:
RAX=0x0000000000000010, RBX=0x0000000000000000, RCX=0xffffffffffffffff, RDX=0x007ffaabe5301010
RSP=0x00000025c74fec10, RBP=0x000001d2143e8900, RSI=0x00000025c74fed78, RDI=0x000001d2143e8900
R8 =0x0000000000000042, R9 =0x00000000a8112148, R10=0x00007ffaac0c9ff0, R11=0x0000000000000002
R12=0x00000025c74fed78, R13=0x000001d214403c50, R14=0x000001d2142657b8, R15=0x000001d2142657b8
RIP=0x00007ffaca3d2abb, EFLAGS=0x0000000000010202

XMM[0]=0x0000000000000000 0x0000000000000000
XMM[1]=0x0000000000000000 0x0000000000000000
XMM[2]=0x0000000000000000 0x0000000000000000
XMM[3]=0x0000000000000000 0x0000000000000000
XMM[4]=0x0000000000000000 0x0000000000000000
XMM[5]=0x0000000000000000 0x0000000000000000
XMM[6]=0x0000000000000000 0x0000000000000000
XMM[7]=0x0000000000000000 0x0000000000000000
XMM[8]=0x0000000000000000 0x0000000000000000
XMM[9]=0x0000000000000000 0x0000000000000000
XMM[10]=0x0000000000000000 0x0000000000000000
XMM[11]=0x0000000000000000 0x0000000000000000
XMM[12]=0x0000000000000000 0x0000000000000000
XMM[13]=0x0000000000000000 0x0000000000000000
XMM[14]=0x0000000000000000 0x0000000000000000
XMM[15]=0x0000000000000000 0x0000000000000000
  MXCSR=0x00001fa0


Register to memory mapping:

RAX=0x0000000000000010 is an unknown value
RBX=0x0 is null
RCX=0xffffffffffffffff is an unknown value
RDX=0x007ffaabe5301010 is an unknown value
RSP=0x00000025c74fec10 is pointing into the stack for thread: 0x000001d2142653f0
RBP=0x000001d2143e8900 points into unknown readable memory: 0x00000000a8112148 | 48 21 11 a8 00 00 00 00
RSI=0x00000025c74fed78 is pointing into the stack for thread: 0x000001d2142653f0
RDI=0x000001d2143e8900 points into unknown readable memory: 0x00000000a8112148 | 48 21 11 a8 00 00 00 00
R8 =0x0000000000000042 is an unknown value
R9 =0x00000000a8112148 is an oop: java.lang.ref.Reference$ReferenceHandler 
{0x00000000a8112148} - klass: 'java/lang/ref/Reference$ReferenceHandler' - flags: 

 - ---- fields (total size 14 words):
 - 'threadLocalRandomProbe' 'I' @12  0 (0x00000000)
 - private volatile 'eetop' 'J' @16  2001792783008 (0x000001d21425d2a0)
 - private final 'tid' 'J' @24  14 (0x000000000000000e)
 - 'threadLocalRandomSeed' 'J' @32  0 (0x0000000000000000)
 - injected 'jvmti_thread_state' 'J' @40  2001793441088 (0x000001d2142fdd40)
 - 'threadLocalRandomSecondarySeed' 'I' @48  0 (0x00000000)
 - injected 'jvmti_VTMS_transition_disable_count' 'I' @52  0 (0x00000000)
 - injected 'jfr_epoch' 'S' @56  0 (0x0000)
 - volatile 'interrupted' 'Z' @58  false (0x00)
 - injected 'jvmti_is_in_VTMS_transition' 'Z' @59  false (0x00)
 - private volatile 'name' 'Ljava/lang/String;' @60  "Reference Handler"{0x00000000ffe0a598} (0xffe0a598)
 - private volatile 'contextClassLoader' 'Ljava/lang/ClassLoader;' @64  null (0x00000000)
 - private final 'holder' 'Ljava/lang/Thread$FieldHolder;' @68  a 'java/lang/Thread$FieldHolder'{0x00000000a81121c8} (0xa81121c8)
 - 'threadLocals' 'Ljava/lang/ThreadLocal$ThreadLocalMap;' @72  null (0x00000000)
 - 'inheritableThreadLocals' 'Ljava/lang/ThreadLocal$ThreadLocalMap;' @76  null (0x00000000)
 - private 'scopedValueBindings' 'Ljava/lang/Object;' @80  a 'java/lang/Class'{0x00000000ffe7c8c0} = 'java/lang/Thread' (0xffe7c8c0)
 - final 'interruptLock' 'Ljava/lang/Object;' @84  a 'java/lang/Object'{0x00000000a81121b8} (0xa81121b8)
 - private volatile 'parkBlocker' 'Ljava/lang/Object;' @88  null (0x00000000)
 - private 'nioBlocker' 'Lsun/nio/ch/Interruptible;' @92  null (0x00000000)
 - private 'cont' 'Ljdk/internal/vm/Continuation;' @96  null (0x00000000)
 - private volatile 'uncaughtExceptionHandler' 'Ljava/lang/Thread$UncaughtExceptionHandler;' @100  null (0x00000000)
 - private 'container' 'Ljdk/internal/vm/ThreadContainer;' @104  null (0x00000000)
 - private volatile 'headStackableScopes' 'Ljdk/internal/vm/StackableScope;' @108  null (0x00000000)
R10=0x00007ffaac0c9ff0 jvm.dll
R11=0x0000000000000002 is an unknown value
R12=0x00000025c74fed78 is pointing into the stack for thread: 0x000001d2142653f0
R13=0x000001d214403c50 points into unknown readable memory: 0x00007ffaac03a510 | 10 a5 03 ac fa 7f 00 00
R14=0x000001d2142657b8 points into unknown readable memory: 0x00007ffaac0317b0 | b0 17 03 ac fa 7f 00 00
R15=0x000001d2142657b8 points into unknown readable memory: 0x00007ffaac0317b0 | b0 17 03 ac fa 7f 00 00

Top of Stack: (sp=0x00000025c74fec10)
0x00000025c74fec10:   00000025c74fed78 000001d2143e8900   x.O.%.....>.....
0x00000025c74fec20:   0000000000000000 000001d214265b40   ........@[&.....
0x00000025c74fec30:   0000000000000020 00007ffaca3d2f9b    ......../=.....
0x00000025c74fec40:   0000000000000000 000001d2142657b8   .........W&.....
0x00000025c74fec50:   00000025c74fed01 0000000000000000   ..O.%...........
0x00000025c74fec60:   000001d21488f980 00007ffaca3d1bf4   ..........=.....
0x00000025c74fec70:   0000000000000000 0000000000000020   ........ .......
0x00000025c74fec80:   0000000000000000 0000000000000020   ........ .......
0x00000025c74fec90:   0000000f00000002 000001d25a6db0c0   ..........mZ....
0x00000025c74feca0:   000001d21488f980 000001d21488fa00   ................
0x00000025c74fecb0:   000001d21488fa28 0000000000001818   (...............
0x00000025c74fecc0:   0000000000000000 0000000000000000   ................
0x00000025c74fecd0:   0000000000000000 00007ffaab895714   .........W......
0x00000025c74fece0:   00007ffaca515c80 00000000000052b0   .\Q......R......
0x00000025c74fecf0:   00007ffaca515c80 00000000ffffffff   .\Q.............
0x00000025c74fed00:   0000000000000000 00007ffaca3d2479   ........y$=.....
0x00000025c74fed10:   000001d2142657b8 0000000000000000   .W&.............
0x00000025c74fed20:   00000025c74fed89 000001d214403c50   ..O.%...P<@.....
0x00000025c74fed30:   0000000000000004 0000000000000048   ........H.......
0x00000025c74fed40:   0000000800800310 000001d2142657b8   .........W&.....
0x00000025c74fed50:   000001d21411b101 00007ffaca515c80   .........\Q.....
0x00000025c74fed60:   000001d21411b1b0 000001d2142fdd40   ........@./.....
0x00000025c74fed70:   0000000800800390 000001d2144c9970   ........p.L.....
0x00000025c74fed80:   000001d2144c9d70 000001d2144c9d70   p.L.....p.L.....
0x00000025c74fed90:   000001d2142657b8 00007ffaca515c80   .W&......\Q.....
0x00000025c74feda0:   000001d2145895a8 00000025c74fef18   ..X.......O.%...
0x00000025c74fedb0:   00000025c74ff050 0000000000008840   P.O.%...@.......
0x00000025c74fedc0:   00000025c74ff340 00007ffaca515cd0   @.O.%....\Q.....
0x00000025c74fedd0:   0000000000989680 0000000000989680   ................
0x00000025c74fede0:   00000025c74feef0 00007ffaca3cd061   ..O.%...a.<.....
0x00000025c74fedf0:   00007ffaca515c80 00007ffaca515cd8   .\Q......\Q.....
0x00000025c74fee00:   00007ffa00000000 00007ffa00000001   ................

Instructions: (pc=0x00007ffaca3d2abb)
  0x00007ffaca3d29bb:   cc cc cc cc cc cc cc cc cc cc cc cc cc cc cc cc
  0x00007ffaca3d29cb:   cc cc cc cc cc cc cc cc cc cc cc cc cc cc cc cc
  0x00007ffaca3d29db:   cc cc cc cc cc cc cc cc cc cc cc cc cc cc cc cc
  0x00007ffaca3d29eb:   cc cc cc cc cc cc cc cc cc cc cc cc cc cc cc cc
  0x00007ffaca3d29fb:   cc cc cc cc cc cc cc cc cc cc cc cc cc cc cc cc
  0x00007ffaca3d2a0b:   cc cc cc cc cc cc cc cc cc cc cc cc cc cc cc cc
  0x00007ffaca3d2a1b:   cc cc cc cc cc cc cc cc cc cc cc cc cc cc cc cc
  0x00007ffaca3d2a2b:   cc cc cc cc cc cc cc cc cc cc cc cc cc cc cc cc
  0x00007ffaca3d2a3b:   cc cc cc cc cc cc cc cc cc cc cc cc cc cc cc cc
  0x00007ffaca3d2a4b:   cc cc cc cc cc 48 89 5c 24 08 57 48 83 ec 20 48
  0x00007ffaca3d2a5b:   8b f9 48 8d 54 24 38 48 8b 0d e7 33 14 00 41 b8
  0x00007ffaca3d2a6b:   06 00 01 00 48 8b 01 4c 8b 48 30 41 ff d1 4c 8b
  0x00007ffaca3d2a7b:   05 e0 34 14 00 33 c9 85 c0 48 0f 44 4c 24 38 4d
  0x00007ffaca3d2a8b:   85 c0 74 4a 48 8b 01 48 8b d7 4c 8b 88 28 03 00
  0x00007ffaca3d2a9b:   00 41 ff d1 48 85 c0 74 35 48 63 0d 01 f3 13 00
  0x00007ffaca3d2aab:   48 8b 14 01 48 85 d2 74 15 48 63 05 05 f3 13 00
=>0x00007ffaca3d2abb:   8b 04 10 48 8b 5c 24 30 48 83 c4 20 5f c3 b8 ff
  0x00007ffaca3d2acb:   ff ff ff 48 8b 5c 24 30 48 83 c4 20 5f c3 80 3d
  0x00007ffaca3d2adb:   84 33 14 00 00 bb ff ff ff ff 74 20 4c 8b 0d 2a
  0x00007ffaca3d2aeb:   30 14 00 4c 8d 44 24 38 48 8b 0d 0e 30 14 00 48
  0x00007ffaca3d2afb:   8b d7 41 ff d1 85 c0 0f 44 5c 24 38 8b c3 48 8b
  0x00007ffaca3d2b0b:   5c 24 30 48 83 c4 20 5f c3 cc cc cc cc cc cc cc
  0x00007ffaca3d2b1b:   cc cc cc cc cc cc cc cc cc cc cc cc cc cc cc cc
  0x00007ffaca3d2b2b:   cc cc cc cc cc cc cc cc cc cc cc cc cc cc cc cc
  0x00007ffaca3d2b3b:   cc cc cc cc cc cc cc cc cc cc cc cc cc cc cc cc
  0x00007ffaca3d2b4b:   cc cc cc cc cc 48 89 54 24 10 53 55 56 57 41 56
  0x00007ffaca3d2b5b:   41 57 48 83 ec 28 48 8b f2 4c 8b f1 48 89 4c 24
  0x00007ffaca3d2b6b:   78 45 33 ff 44 89 7c 24 68 c7 44 24 60 01 00 00
  0x00007ffaca3d2b7b:   00 48 8d 4c 24 68 e8 88 3f f7 ff 8b d8 48 8d 4c
  0x00007ffaca3d2b8b:   24 60 e8 7c 3f f7 ff 8b e8 49 8b ce e8 2d f8 f6
  0x00007ffaca3d2b9b:   ff 48 8b f8 90 8b c3 f0 0f b1 2f 74 04 f3 90 eb
  0x00007ffaca3d2bab:   f4 4c 89 3e 4c 89 7e 08 4c 89 7e 10 49 8b 6e 08


Stack slot to memory mapping:

stack at sp + 0 slots: 0x00000025c74fed78 is pointing into the stack for thread: 0x000001d2142653f0
stack at sp + 1 slots: 0x000001d2143e8900 points into unknown readable memory: 0x00000000a8112148 | 48 21 11 a8 00 00 00 00
stack at sp + 2 slots: 0x0 is null
stack at sp + 3 slots: 0x000001d214265b40 points into unknown readable memory: 0x6e616c2e6176616a | 6a 61 76 61 2e 6c 61 6e
stack at sp + 4 slots: 0x0000000000000020 is an unknown value
stack at sp + 5 slots: 0x00007ffaca3d2f9b libasyncProfiler.dll
stack at sp + 6 slots: 0x0 is null
stack at sp + 7 slots: 0x000001d2142657b8 points into unknown readable memory: 0x00007ffaac0317b0 | b0 17 03 ac fa 7f 00 00

Lock stack of current Java thread (top to bottom):


---------------  P R O C E S S  ---------------

Threads class SMR info:
_java_thread_list=0x000001d25a792dc0, length=21, elements={
0x000001d21425d2a0, 0x000001d21425dbe0, 0x000001d214262630, 0x000001d2142653f0,
0x000001d214265f20, 0x000001d21426f7b0, 0x000001d2142a4090, 0x000001d2142a7230,
0x000001d2144d4e10, 0x000001d2144adc20, 0x000001d2144ae360, 0x000001d2144c0dc0,
0x000001d214500810, 0x000001d214500f60, 0x000001d2145016b0, 0x000001d2144ff220,
0x000001d214502550, 0x000001d214b543d0, 0x000001d214b578c0, 0x000001d2144ff970,
0x000001d2145000c0
}

Java Threads: ( => current thread )
  0x000001d21425d2a0 JavaThread "Reference Handler"          daemon [_thread_blocked, id=24840, stack(0x00000025c7100000,0x00000025c7200000) (1024K)]
  0x000001d21425dbe0 JavaThread "Finalizer"                  daemon [_thread_blocked, id=25332, stack(0x00000025c7200000,0x00000025c7300000) (1024K)]
  0x000001d214262630 JavaThread "Signal Dispatcher"          daemon [_thread_blocked, id=22500, stack(0x00000025c7300000,0x00000025c7400000) (1024K)]
=>0x000001d2142653f0 JavaThread "Attach Listener"            daemon [_thread_in_native, id=8376, stack(0x00000025c7400000,0x00000025c7500000) (1024K)]
  0x000001d214265f20 JavaThread "Service Thread"             daemon [_thread_blocked, id=26456, stack(0x00000025c7500000,0x00000025c7600000) (1024K)]
  0x000001d21426f7b0 JavaThread "Monitor Deflation Thread"   daemon [_thread_blocked, id=21012, stack(0x00000025c7600000,0x00000025c7700000) (1024K)]
  0x000001d2142a4090 JavaThread "C2 CompilerThread0"         daemon [_thread_blocked, id=2752, stack(0x00000025c7700000,0x00000025c7800000) (1024K)]
  0x000001d2142a7230 JavaThread "C1 CompilerThread0"         daemon [_thread_blocked, id=6588, stack(0x00000025c7800000,0x00000025c7900000) (1024K)]
  0x000001d2144d4e10 JavaThread "Common-Cleaner"             daemon [_thread_blocked, id=5728, stack(0x00000025c7900000,0x00000025c7a00000) (1024K)]
  0x000001d2144adc20 JavaThread "Monitor Ctrl-Break"         daemon [_thread_in_native, id=24684, stack(0x00000025c7a00000,0x00000025c7b00000) (1024K)]
  0x000001d2144ae360 JavaThread "Notification Thread"        daemon [_thread_blocked, id=14960, stack(0x00000025c7b00000,0x00000025c7c00000) (1024K)]
  0x000001d2144c0dc0 JavaThread "pool-1-thread-2"                   [_thread_blocked, id=10384, stack(0x00000025c7d00000,0x00000025c7e00000) (1024K)]
  0x000001d214500810 JavaThread "RMI TCP Accept-0"           daemon [_thread_in_native, id=23460, stack(0x00000025c8200000,0x00000025c8300000) (1024K)]
  0x000001d214500f60 JavaThread "RMI TCP Connection(1)-192.168.56.1" daemon [_thread_in_native, id=2684, stack(0x00000025c8300000,0x00000025c8400000) (1024K)]
  0x000001d2145016b0 JavaThread "RMI Scheduler(0)"           daemon [_thread_blocked, id=7392, stack(0x00000025c8100000,0x00000025c8200000) (1024K)]
  0x000001d2144ff220 JavaThread "JMX server connection timeout 36" daemon [_thread_blocked, id=19612, stack(0x00000025c8400000,0x00000025c8500000) (1024K)]
  0x000001d214502550 JavaThread "DestroyJavaVM"                     [_thread_blocked, id=21008, stack(0x00000025c6900000,0x00000025c6a00000) (1024K)]
  0x000001d214b543d0 JavaThread "C2 CompilerThread1"         daemon [_thread_blocked, id=3440, stack(0x00000025c7c00000,0x00000025c7d00000) (1024K)]
  0x000001d214b578c0 JavaThread "C2 CompilerThread2"         daemon [_thread_blocked, id=22104, stack(0x00000025c7e00000,0x00000025c7f00000) (1024K)]
  0x000001d2144ff970 JavaThread "JFR Recorder Thread"        daemon [_thread_in_native, id=10796, stack(0x00000025c7f00000,0x00000025c8000000) (1024K)]
  0x000001d2145000c0 JavaThread "JFR Periodic Tasks"         daemon [_thread_blocked, id=6168, stack(0x00000025c8000000,0x00000025c8100000) (1024K)]
Total: 21

Other Threads:
  0x000001d21424d260 VMThread "VM Thread"                           [id=19300, stack(0x00000025c7000000,0x00000025c7100000) (1024K)]
  0x000001d21411c160 WatcherThread "VM Periodic Task Thread"        [id=25216, stack(0x00000025c6f00000,0x00000025c7000000) (1024K)]
  0x000001d275c1b7b0 WorkerThread "GC Thread#0"                     [id=5876, stack(0x00000025c6a00000,0x00000025c6b00000) (1024K)]
  0x000001d275c28410 ConcurrentGCThread "G1 Main Marker"            [id=24504, stack(0x00000025c6b00000,0x00000025c6c00000) (1024K)]
  0x000001d275c29c10 WorkerThread "G1 Conc#0"                       [id=12448, stack(0x00000025c6c00000,0x00000025c6d00000) (1024K)]
  0x000001d275c8e4e0 ConcurrentGCThread "G1 Refine#0"               [id=25868, stack(0x00000025c6d00000,0x00000025c6e00000) (1024K)]
  0x000001d2141150f0 ConcurrentGCThread "G1 Service"                [id=10248, stack(0x00000025c6e00000,0x00000025c6f00000) (1024K)]
Total: 7

Threads with active compile tasks:
Total: 0

VM state: not at safepoint (normal execution)

VM Mutex/Monitor currently owned by a thread: None

Heap address: 0x00000000a2400000, size: 1500 MB, Compressed Oops mode: 32-bit

CDS archive(s) mapped at: [0x000001d215000000-0x000001d215d40000-0x000001d215d40000), size 13893632, SharedBaseAddress: 0x000001d215000000, ArchiveRelocationMode: 1.
Compressed class space mapped at: 0x000001d216000000-0x000001d256000000, reserved size: 1073741824
UseCompressedClassPointers 1, UseCompactObjectHeaders 0
Narrow klass pointer bits 32, Max shift 3
Narrow klass base: 0x000001d215000000, Narrow klass shift: 0
Encoding Range: [0x000001d215000000 - 0x000001d315000000), (4294967296 bytes)
Klass Range:    [0x000001d215000000 - 0x000001d256000000), (1090519040 bytes)
Klass ID Range:  [8 - 1090519033) (1090519025)

GC Precious Log:
 CardTable entry size: 512
 Card Set container configuration: InlinePtr #cards 5 size 8 Array Of Cards #cards 10 size 36 Howl #buckets 4 coarsen threshold 1843 Howl Bitmap #cards 512 size 80 coarsen threshold 460 Card regions per heap region 1 cards per card region 2048
 CPUs: 12 total, 12 available
 Memory: 5996M
 Large Page Support: Disabled
 NUMA Support: Disabled
 Compressed Oops: Enabled (32-bit)
 Heap Region Size: 1M
 Heap Min Capacity: 8M
 Heap Initial Capacity: 94M
 Heap Max Capacity: 1500M
 Pre-touch: Disabled
 Parallel Workers: 10
 Concurrent Workers: 3
 Concurrent Refinement Workers: 10
 Periodic GC: Disabled

Heap:
 garbage-first heap   total reserved 1536000K, committed 98304K, used 32884K [0x00000000a2400000, 0x0000000100000000)
  region size 1024K, 32 young (32768K), 0 survivors (0K)
 Metaspace       used 8069K, committed 8384K, reserved 1114112K
  class space    used 739K, committed 896K, reserved 1048576K

Heap Regions: E=young(eden), S=young(survivor), O=old, HS=humongous(starts), HC=humongous(continues), CS=collection set, F=free, TAMS=top-at-mark-start, PB=parsable bottom
|   0|0x00000000a2400000, 0x00000000a2400000, 0x00000000a2500000|  0%| F|  |TAMS 0x00000000a2400000| PB 0x00000000a2400000| Untracked |  0
|   1|0x00000000a2500000, 0x00000000a2500000, 0x00000000a2600000|  0%| F|  |TAMS 0x00000000a2500000| PB 0x00000000a2500000| Untracked |  0
|   2|0x00000000a2600000, 0x00000000a2600000, 0x00000000a2700000|  0%| F|  |TAMS 0x00000000a2600000| PB 0x00000000a2600000| Untracked |  0
|   3|0x00000000a2700000, 0x00000000a2700000, 0x00000000a2800000|  0%| F|  |TAMS 0x00000000a2700000| PB 0x00000000a2700000| Untracked |  0
|   4|0x00000000a2800000, 0x00000000a2800000, 0x00000000a2900000|  0%| F|  |TAMS 0x00000000a2800000| PB 0x00000000a2800000| Untracked |  0
|   5|0x00000000a2900000, 0x00000000a2900000, 0x00000000a2a00000|  0%| F|  |TAMS 0x00000000a2900000| PB 0x00000000a2900000| Untracked |  0
|   6|0x00000000a2a00000, 0x00000000a2a00000, 0x00000000a2b00000|  0%| F|  |TAMS 0x00000000a2a00000| PB 0x00000000a2a00000| Untracked |  0
|   7|0x00000000a2b00000, 0x00000000a2b00000, 0x00000000a2c00000|  0%| F|  |TAMS 0x00000000a2b00000| PB 0x00000000a2b00000| Untracked |  0
|   8|0x00000000a2c00000, 0x00000000a2c00000, 0x00000000a2d00000|  0%| F|  |TAMS 0x00000000a2c00000| PB 0x00000000a2c00000| Untracked |  0
|   9|0x00000000a2d00000, 0x00000000a2d00000, 0x00000000a2e00000|  0%| F|  |TAMS 0x00000000a2d00000| PB 0x00000000a2d00000| Untracked |  0
|  10|0x00000000a2e00000, 0x00000000a2e00000, 0x00000000a2f00000|  0%| F|  |TAMS 0x00000000a2e00000| PB 0x00000000a2e00000| Untracked |  0
|  11|0x00000000a2f00000, 0x00000000a2f00000, 0x00000000a3000000|  0%| F|  |TAMS 0x00000000a2f00000| PB 0x00000000a2f00000| Untracked |  0
|  12|0x00000000a3000000, 0x00000000a3000000, 0x00000000a3100000|  0%| F|  |TAMS 0x00000000a3000000| PB 0x00000000a3000000| Untracked |  0
|  13|0x00000000a3100000, 0x00000000a3100000, 0x00000000a3200000|  0%| F|  |TAMS 0x00000000a3100000| PB 0x00000000a3100000| Untracked |  0
|  14|0x00000000a3200000, 0x00000000a3200000, 0x00000000a3300000|  0%| F|  |TAMS 0x00000000a3200000| PB 0x00000000a3200000| Untracked |  0
|  15|0x00000000a3300000, 0x00000000a3300000, 0x00000000a3400000|  0%| F|  |TAMS 0x00000000a3300000| PB 0x00000000a3300000| Untracked |  0
|  16|0x00000000a3400000, 0x00000000a3400000, 0x00000000a3500000|  0%| F|  |TAMS 0x00000000a3400000| PB 0x00000000a3400000| Untracked |  0
|  17|0x00000000a3500000, 0x00000000a3500000, 0x00000000a3600000|  0%| F|  |TAMS 0x00000000a3500000| PB 0x00000000a3500000| Untracked |  0
|  18|0x00000000a3600000, 0x00000000a3600000, 0x00000000a3700000|  0%| F|  |TAMS 0x00000000a3600000| PB 0x00000000a3600000| Untracked |  0
|  19|0x00000000a3700000, 0x00000000a3700000, 0x00000000a3800000|  0%| F|  |TAMS 0x00000000a3700000| PB 0x00000000a3700000| Untracked |  0
|  20|0x00000000a3800000, 0x00000000a3800000, 0x00000000a3900000|  0%| F|  |TAMS 0x00000000a3800000| PB 0x00000000a3800000| Untracked |  0
|  21|0x00000000a3900000, 0x00000000a3900000, 0x00000000a3a00000|  0%| F|  |TAMS 0x00000000a3900000| PB 0x00000000a3900000| Untracked |  0
|  22|0x00000000a3a00000, 0x00000000a3a00000, 0x00000000a3b00000|  0%| F|  |TAMS 0x00000000a3a00000| PB 0x00000000a3a00000| Untracked |  0
|  23|0x00000000a3b00000, 0x00000000a3b00000, 0x00000000a3c00000|  0%| F|  |TAMS 0x00000000a3b00000| PB 0x00000000a3b00000| Untracked |  0
|  24|0x00000000a3c00000, 0x00000000a3c00000, 0x00000000a3d00000|  0%| F|  |TAMS 0x00000000a3c00000| PB 0x00000000a3c00000| Untracked |  0
|  25|0x00000000a3d00000, 0x00000000a3d00000, 0x00000000a3e00000|  0%| F|  |TAMS 0x00000000a3d00000| PB 0x00000000a3d00000| Untracked |  0
|  26|0x00000000a3e00000, 0x00000000a3e00000, 0x00000000a3f00000|  0%| F|  |TAMS 0x00000000a3e00000| PB 0x00000000a3e00000| Untracked |  0
|  27|0x00000000a3f00000, 0x00000000a3f00000, 0x00000000a4000000|  0%| F|  |TAMS 0x00000000a3f00000| PB 0x00000000a3f00000| Untracked |  0
|  28|0x00000000a4000000, 0x00000000a4000000, 0x00000000a4100000|  0%| F|  |TAMS 0x00000000a4000000| PB 0x00000000a4000000| Untracked |  0
|  29|0x00000000a4100000, 0x00000000a4100000, 0x00000000a4200000|  0%| F|  |TAMS 0x00000000a4100000| PB 0x00000000a4100000| Untracked |  0
|  30|0x00000000a4200000, 0x00000000a4200000, 0x00000000a4300000|  0%| F|  |TAMS 0x00000000a4200000| PB 0x00000000a4200000| Untracked |  0
|  31|0x00000000a4300000, 0x00000000a4300000, 0x00000000a4400000|  0%| F|  |TAMS 0x00000000a4300000| PB 0x00000000a4300000| Untracked |  0
|  32|0x00000000a4400000, 0x00000000a4400000, 0x00000000a4500000|  0%| F|  |TAMS 0x00000000a4400000| PB 0x00000000a4400000| Untracked |  0
|  33|0x00000000a4500000, 0x00000000a4500000, 0x00000000a4600000|  0%| F|  |TAMS 0x00000000a4500000| PB 0x00000000a4500000| Untracked |  0
|  34|0x00000000a4600000, 0x00000000a4600000, 0x00000000a4700000|  0%| F|  |TAMS 0x00000000a4600000| PB 0x00000000a4600000| Untracked |  0
|  35|0x00000000a4700000, 0x00000000a4700000, 0x00000000a4800000|  0%| F|  |TAMS 0x00000000a4700000| PB 0x00000000a4700000| Untracked |  0
|  36|0x00000000a4800000, 0x00000000a4800000, 0x00000000a4900000|  0%| F|  |TAMS 0x00000000a4800000| PB 0x00000000a4800000| Untracked |  0
|  37|0x00000000a4900000, 0x00000000a4900000, 0x00000000a4a00000|  0%| F|  |TAMS 0x00000000a4900000| PB 0x00000000a4900000| Untracked |  0
|  38|0x00000000a4a00000, 0x00000000a4a00000, 0x00000000a4b00000|  0%| F|  |TAMS 0x00000000a4a00000| PB 0x00000000a4a00000| Untracked |  0
|  39|0x00000000a4b00000, 0x00000000a4b00000, 0x00000000a4c00000|  0%| F|  |TAMS 0x00000000a4b00000| PB 0x00000000a4b00000| Untracked |  0
|  40|0x00000000a4c00000, 0x00000000a4c00000, 0x00000000a4d00000|  0%| F|  |TAMS 0x00000000a4c00000| PB 0x00000000a4c00000| Untracked |  0
|  41|0x00000000a4d00000, 0x00000000a4d00000, 0x00000000a4e00000|  0%| F|  |TAMS 0x00000000a4d00000| PB 0x00000000a4d00000| Untracked |  0
|  42|0x00000000a4e00000, 0x00000000a4e00000, 0x00000000a4f00000|  0%| F|  |TAMS 0x00000000a4e00000| PB 0x00000000a4e00000| Untracked |  0
|  43|0x00000000a4f00000, 0x00000000a4f00000, 0x00000000a5000000|  0%| F|  |TAMS 0x00000000a4f00000| PB 0x00000000a4f00000| Untracked |  0
|  44|0x00000000a5000000, 0x00000000a5000000, 0x00000000a5100000|  0%| F|  |TAMS 0x00000000a5000000| PB 0x00000000a5000000| Untracked |  0
|  45|0x00000000a5100000, 0x00000000a5100000, 0x00000000a5200000|  0%| F|  |TAMS 0x00000000a5100000| PB 0x00000000a5100000| Untracked |  0
|  46|0x00000000a5200000, 0x00000000a5200000, 0x00000000a5300000|  0%| F|  |TAMS 0x00000000a5200000| PB 0x00000000a5200000| Untracked |  0
|  47|0x00000000a5300000, 0x00000000a5300000, 0x00000000a5400000|  0%| F|  |TAMS 0x00000000a5300000| PB 0x00000000a5300000| Untracked |  0
|  48|0x00000000a5400000, 0x00000000a5400000, 0x00000000a5500000|  0%| F|  |TAMS 0x00000000a5400000| PB 0x00000000a5400000| Untracked |  0
|  49|0x00000000a5500000, 0x00000000a5500000, 0x00000000a5600000|  0%| F|  |TAMS 0x00000000a5500000| PB 0x00000000a5500000| Untracked |  0
|  50|0x00000000a5600000, 0x00000000a5600000, 0x00000000a5700000|  0%| F|  |TAMS 0x00000000a5600000| PB 0x00000000a5600000| Untracked |  0
|  51|0x00000000a5700000, 0x00000000a5700000, 0x00000000a5800000|  0%| F|  |TAMS 0x00000000a5700000| PB 0x00000000a5700000| Untracked |  0
|  52|0x00000000a5800000, 0x00000000a5800000, 0x00000000a5900000|  0%| F|  |TAMS 0x00000000a5800000| PB 0x00000000a5800000| Untracked |  0
|  53|0x00000000a5900000, 0x00000000a5900000, 0x00000000a5a00000|  0%| F|  |TAMS 0x00000000a5900000| PB 0x00000000a5900000| Untracked |  0
|  54|0x00000000a5a00000, 0x00000000a5a00000, 0x00000000a5b00000|  0%| F|  |TAMS 0x00000000a5a00000| PB 0x00000000a5a00000| Untracked |  0
|  55|0x00000000a5b00000, 0x00000000a5b00000, 0x00000000a5c00000|  0%| F|  |TAMS 0x00000000a5b00000| PB 0x00000000a5b00000| Untracked |  0
|  56|0x00000000a5c00000, 0x00000000a5c00000, 0x00000000a5d00000|  0%| F|  |TAMS 0x00000000a5c00000| PB 0x00000000a5c00000| Untracked |  0
|  57|0x00000000a5d00000, 0x00000000a5d00000, 0x00000000a5e00000|  0%| F|  |TAMS 0x00000000a5d00000| PB 0x00000000a5d00000| Untracked |  0
|  58|0x00000000a5e00000, 0x00000000a5e00000, 0x00000000a5f00000|  0%| F|  |TAMS 0x00000000a5e00000| PB 0x00000000a5e00000| Untracked |  0
|  59|0x00000000a5f00000, 0x00000000a5f00000, 0x00000000a6000000|  0%| F|  |TAMS 0x00000000a5f00000| PB 0x00000000a5f00000| Untracked |  0
|  60|0x00000000a6000000, 0x00000000a6000000, 0x00000000a6100000|  0%| F|  |TAMS 0x00000000a6000000| PB 0x00000000a6000000| Untracked |  0
|  61|0x00000000a6100000, 0x00000000a6100000, 0x00000000a6200000|  0%| F|  |TAMS 0x00000000a6100000| PB 0x00000000a6100000| Untracked |  0
|  62|0x00000000a6200000, 0x00000000a6280000, 0x00000000a6300000| 50%| E|  |TAMS 0x00000000a6200000| PB 0x00000000a6200000| Complete |  0
|  63|0x00000000a6300000, 0x00000000a6400000, 0x00000000a6400000|100%| E|CS|TAMS 0x00000000a6300000| PB 0x00000000a6300000| Complete |  0
|  64|0x00000000a6400000, 0x00000000a6500000, 0x00000000a6500000|100%| E|CS|TAMS 0x00000000a6400000| PB 0x00000000a6400000| Complete |  0
|  65|0x00000000a6500000, 0x00000000a6600000, 0x00000000a6600000|100%| E|CS|TAMS 0x00000000a6500000| PB 0x00000000a6500000| Complete |  0
|  66|0x00000000a6600000, 0x00000000a6700000, 0x00000000a6700000|100%| E|CS|TAMS 0x00000000a6600000| PB 0x00000000a6600000| Complete |  0
|  67|0x00000000a6700000, 0x00000000a6800000, 0x00000000a6800000|100%| E|CS|TAMS 0x00000000a6700000| PB 0x00000000a6700000| Complete |  0
|  68|0x00000000a6800000, 0x00000000a6900000, 0x00000000a6900000|100%| E|CS|TAMS 0x00000000a6800000| PB 0x00000000a6800000| Complete |  0
|  69|0x00000000a6900000, 0x00000000a6a00000, 0x00000000a6a00000|100%| E|CS|TAMS 0x00000000a6900000| PB 0x00000000a6900000| Complete |  0
|  70|0x00000000a6a00000, 0x00000000a6b00000, 0x00000000a6b00000|100%| E|CS|TAMS 0x00000000a6a00000| PB 0x00000000a6a00000| Complete |  0
|  71|0x00000000a6b00000, 0x00000000a6c00000, 0x00000000a6c00000|100%| E|CS|TAMS 0x00000000a6b00000| PB 0x00000000a6b00000| Complete |  0
|  72|0x00000000a6c00000, 0x00000000a6d00000, 0x00000000a6d00000|100%| E|CS|TAMS 0x00000000a6c00000| PB 0x00000000a6c00000| Complete |  0
|  73|0x00000000a6d00000, 0x00000000a6e00000, 0x00000000a6e00000|100%| E|CS|TAMS 0x00000000a6d00000| PB 0x00000000a6d00000| Complete |  0
|  74|0x00000000a6e00000, 0x00000000a6f00000, 0x00000000a6f00000|100%| E|CS|TAMS 0x00000000a6e00000| PB 0x00000000a6e00000| Complete |  0
|  75|0x00000000a6f00000, 0x00000000a7000000, 0x00000000a7000000|100%| E|CS|TAMS 0x00000000a6f00000| PB 0x00000000a6f00000| Complete |  0
|  76|0x00000000a7000000, 0x00000000a7100000, 0x00000000a7100000|100%| E|CS|TAMS 0x00000000a7000000| PB 0x00000000a7000000| Complete |  0
|  77|0x00000000a7100000, 0x00000000a7200000, 0x00000000a7200000|100%| E|CS|TAMS 0x00000000a7100000| PB 0x00000000a7100000| Complete |  0
|  78|0x00000000a7200000, 0x00000000a7300000, 0x00000000a7300000|100%| E|CS|TAMS 0x00000000a7200000| PB 0x00000000a7200000| Complete |  0
|  79|0x00000000a7300000, 0x00000000a7400000, 0x00000000a7400000|100%| E|CS|TAMS 0x00000000a7300000| PB 0x00000000a7300000| Complete |  0
|  80|0x00000000a7400000, 0x00000000a7500000, 0x00000000a7500000|100%| E|CS|TAMS 0x00000000a7400000| PB 0x00000000a7400000| Complete |  0
|  81|0x00000000a7500000, 0x00000000a7600000, 0x00000000a7600000|100%| E|CS|TAMS 0x00000000a7500000| PB 0x00000000a7500000| Complete |  0
|  82|0x00000000a7600000, 0x00000000a7700000, 0x00000000a7700000|100%| E|CS|TAMS 0x00000000a7600000| PB 0x00000000a7600000| Complete |  0
|  83|0x00000000a7700000, 0x00000000a7800000, 0x00000000a7800000|100%| E|CS|TAMS 0x00000000a7700000| PB 0x00000000a7700000| Complete |  0
|  84|0x00000000a7800000, 0x00000000a7900000, 0x00000000a7900000|100%| E|CS|TAMS 0x00000000a7800000| PB 0x00000000a7800000| Complete |  0
|  85|0x00000000a7900000, 0x00000000a7a00000, 0x00000000a7a00000|100%| E|CS|TAMS 0x00000000a7900000| PB 0x00000000a7900000| Complete |  0
|  86|0x00000000a7a00000, 0x00000000a7b00000, 0x00000000a7b00000|100%| E|CS|TAMS 0x00000000a7a00000| PB 0x00000000a7a00000| Complete |  0
|  87|0x00000000a7b00000, 0x00000000a7c00000, 0x00000000a7c00000|100%| E|CS|TAMS 0x00000000a7b00000| PB 0x00000000a7b00000| Complete |  0
|  88|0x00000000a7c00000, 0x00000000a7d00000, 0x00000000a7d00000|100%| E|CS|TAMS 0x00000000a7c00000| PB 0x00000000a7c00000| Complete |  0
|  89|0x00000000a7d00000, 0x00000000a7e00000, 0x00000000a7e00000|100%| E|CS|TAMS 0x00000000a7d00000| PB 0x00000000a7d00000| Complete |  0
|  90|0x00000000a7e00000, 0x00000000a7f00000, 0x00000000a7f00000|100%| E|CS|TAMS 0x00000000a7e00000| PB 0x00000000a7e00000| Complete |  0
|  91|0x00000000a7f00000, 0x00000000a8000000, 0x00000000a8000000|100%| E|CS|TAMS 0x00000000a7f00000| PB 0x00000000a7f00000| Complete |  0
|  92|0x00000000a8000000, 0x00000000a8100000, 0x00000000a8100000|100%| E|CS|TAMS 0x00000000a8000000| PB 0x00000000a8000000| Complete |  0
|  93|0x00000000a8100000, 0x00000000a8200000, 0x00000000a8200000|100%| E|CS|TAMS 0x00000000a8100000| PB 0x00000000a8100000| Complete |  0
|1498|0x00000000ffe00000, 0x00000000fff00000, 0x00000000fff00000|100%| O|  |TAMS 0x00000000ffe00000| PB 0x00000000ffe00000| Untracked |  0
|1499|0x00000000fff00000, 0x00000000fff1d248, 0x0000000100000000| 11%| O|  |TAMS 0x00000000fff00000| PB 0x00000000fff00000| Untracked |  0

Card table byte_map: [0x000001d20fb70000,0x000001d20fe60000] _byte_map_base: 0x000001d20f65e000

Marking Bits: (CMBitMap*) 0x000001d275c1bec0
 Bits: [0x000001d20fe60000, 0x000001d2115d0000)

Polling page: 0x000001d275970000

Metaspace:

Usage:
  Non-class:      7.16 MB used.
      Class:    739.21 KB used.
       Both:      7.88 MB used.

Virtual space:
  Non-class space:       64.00 MB reserved,       7.31 MB ( 11%) committed,  1 nodes.
      Class space:        1.00 GB reserved,     896.00 KB ( <1%) committed,  1 nodes.
             Both:        1.06 GB reserved,       8.19 MB ( <1%) committed. 

Chunk freelists:
   Non-Class:  8.46 MB
       Class:  15.18 MB
        Both:  23.65 MB

MaxMetaspaceSize: unlimited
CompressedClassSpaceSize: 1.00 GB
Initial GC threshold: 21.00 MB
Current GC threshold: 21.00 MB
CDS: on
 - commit_granule_bytes: 65536.
 - commit_granule_words: 8192.
 - virtual_space_node_default_size: 8388608.
 - enlarge_chunks_in_place: 1.
UseCompressedClassPointers 1, UseCompactObjectHeaders 0
Narrow klass pointer bits 32, Max shift 3
Narrow klass base: 0x000001d215000000, Narrow klass shift: 0
Encoding Range: [0x000001d215000000 - 0x000001d315000000), (4294967296 bytes)
Klass Range:    [0x000001d215000000 - 0x000001d256000000), (1090519040 bytes)
Klass ID Range:  [8 - 1090519033) (1090519025)


Internal statistics:

num_allocs_failed_limit: 0.
num_arena_births: 216.
num_arena_deaths: 0.
num_vsnodes_births: 2.
num_vsnodes_deaths: 0.
num_space_committed: 131.
num_space_uncommitted: 0.
num_chunks_returned_to_freelist: 0.
num_chunks_taken_from_freelist: 328.
num_chunk_merges: 0.
num_chunk_splits: 171.
num_chunks_enlarged: 29.
num_inconsistent_stats: 0.

CodeHeap 'non-profiled nmethods': size=120064Kb used=641Kb max_used=641Kb free=119422Kb
 bounds [0x000001d207ac0000, 0x000001d207d30000, 0x000001d20f000000]
CodeHeap 'profiled nmethods': size=120000Kb used=3072Kb max_used=3072Kb free=116927Kb
 bounds [0x000001d200000000, 0x000001d200310000, 0x000001d207530000]
CodeHeap 'non-nmethods': size=5696Kb used=1338Kb max_used=1386Kb free=4357Kb
 bounds [0x000001d207530000, 0x000001d2077a0000, 0x000001d207ac0000]
CodeCache: size=245760Kb, used=5051Kb, max_used=5099Kb, free=240706Kb
 total_blobs=2644, nmethods=2140, adapters=409, full_count=0
Compilation: enabled, stopped_count=0, restarted_count=0

Compilation events (20 events):
Event: 52.089 Thread 0x000001d2142a7230 2136   !   3       jdk.jfr.internal.Control::setValue (102 bytes)
Event: 52.090 Thread 0x000001d2142a7230 nmethod 2136 0x000001d2002fe008 code [0x000001d2002fe2a0, 0x000001d2002ff6d0]
Event: 52.090 Thread 0x000001d2142a7230 2135       1       jdk.jfr.internal.PlatformEventType::isEnabled (5 bytes)
Event: 52.090 Thread 0x000001d2142a7230 nmethod 2135 0x000001d207b5d188 code [0x000001d207b5d280, 0x000001d207b5d348]
Event: 52.090 Thread 0x000001d2142a7230 2132       1       jdk.jfr.internal.EventControl::getEventType (5 bytes)
Event: 52.090 Thread 0x000001d2142a7230 nmethod 2132 0x000001d207b5d488 code [0x000001d207b5d580, 0x000001d207b5d648]
Event: 52.090 Thread 0x000001d2142a7230 2133       1       jdk.jfr.internal.EventControl::getSettingsId (5 bytes)
Event: 52.090 Thread 0x000001d2142a7230 nmethod 2133 0x000001d207b5d788 code [0x000001d207b5d880, 0x000001d207b5d948]
Event: 52.090 Thread 0x000001d2142a7230 2134       1       jdk.jfr.internal.EventControl::getNamedControls (5 bytes)
Event: 52.090 Thread 0x000001d2142a7230 nmethod 2134 0x000001d207b5da88 code [0x000001d207b5db80, 0x000001d207b5dc48]
Event: 52.091 Thread 0x000001d214b543d0 nmethod 2104 0x000001d207b5dd88 code [0x000001d207b5df60, 0x000001d207b5e998]
Event: 52.093 Thread 0x000001d2142a7230 2137       1       jdk.jfr.internal.periodic.EventTask::getEventType (5 bytes)
Event: 52.093 Thread 0x000001d2142a7230 nmethod 2137 0x000001d207b5ea08 code [0x000001d207b5eb00, 0x000001d207b5ebc8]
Event: 52.093 Thread 0x000001d2142a7230 2138       1       jdk.jfr.internal.periodic.PeriodicTask::getPeriod (5 bytes)
Event: 52.093 Thread 0x000001d2142a7230 nmethod 2138 0x000001d207b5ed08 code [0x000001d207b5ee00, 0x000001d207b5eec8]
Event: 52.093 Thread 0x000001d2142a7230 2139       3       java.util.Comparator$$Lambda/0x000001d2160a55c0::compare (10 bytes)
Event: 52.094 Thread 0x000001d2142a7230 nmethod 2139 0x000001d2002ff788 code [0x000001d2002ff8e0, 0x000001d2002ffd50]
Event: 52.094 Thread 0x000001d2142a7230 2140       3       java.util.Comparator::lambda$comparingLong$6043328a$1 (18 bytes)
Event: 52.094 Thread 0x000001d2142a7230 nmethod 2140 0x000001d2002ffd88 code [0x000001d2002ffee0, 0x000001d2003002c0]
Event: 52.096 Thread 0x000001d2142a4090 nmethod 2090 0x000001d207b5f008 code [0x000001d207b5f2c0, 0x000001d207b60618]

GC Heap History (0 events):
No events

Dll operation events (13 events):
Event: 0.011 Loaded shared library C:\Program Files\Java\jdk-24\bin\java.dll
Event: 0.036 Loaded shared library C:\Program Files\Java\jdk-24\bin\jsvml.dll
Event: 0.065 Loaded shared library C:\Program Files\Java\jdk-24\bin\zip.dll
Event: 0.068 Loaded shared library C:\Program Files\Java\jdk-24\bin\instrument.dll
Event: 0.072 Loaded shared library C:\Program Files\Java\jdk-24\bin\net.dll
Event: 0.073 Loaded shared library C:\Program Files\Java\jdk-24\bin\nio.dll
Event: 0.077 Loaded shared library C:\Program Files\Java\jdk-24\bin\zip.dll
Event: 0.551 Loaded shared library D:\Games\IntelliJ IDEA 2024.2.4\bin\breakgen64.dll
Event: 0.562 Loaded shared library C:\Program Files\Java\jdk-24\bin\extnet.dll
Event: 0.570 Loaded shared library C:\Program Files\Java\jdk-24\bin\jimage.dll
Event: 0.801 Loaded shared library C:\Program Files\Java\jdk-24\bin\management.dll
Event: 0.812 Loaded shared library C:\Program Files\Java\jdk-24\bin\management_ext.dll
Event: 51.852 Loaded shared library C:\Users\ajeet\AppData\Local\Temp\idea_libasyncProfiler_dll_temp_folder\libasyncProfiler.dll

Deoptimization events (20 events):
Event: 52.012 Thread 0x000001d2142653f0 Uncommon trap: trap_request=0xffffffde fr.pc=0x000001d207b42f0c relative=0x000000000000006c
Event: 52.012 Thread 0x000001d2142653f0 Uncommon trap: reason=class_check action=maybe_recompile pc=0x000001d207b42f0c method=jdk.jfr.FlightRecorderPermission$InternalAccess.getType(Ljava/lang/Object;)Ljdk/jfr/internal/Type; @ 18 c2
Event: 52.012 Thread 0x000001d2142653f0 DEOPT PACKING pc=0x000001d207b42f0c sp=0x00000025c74fe170
Event: 52.012 Thread 0x000001d2142653f0 DEOPT UNPACKING pc=0x000001d207645c02 sp=0x00000025c74fe108 mode 2
Event: 52.013 Thread 0x000001d2142653f0 Uncommon trap: trap_request=0xffffffde fr.pc=0x000001d207b42f0c relative=0x000000000000006c
Event: 52.013 Thread 0x000001d2142653f0 Uncommon trap: reason=class_check action=maybe_recompile pc=0x000001d207b42f0c method=jdk.jfr.FlightRecorderPermission$InternalAccess.getType(Ljava/lang/Object;)Ljdk/jfr/internal/Type; @ 18 c2
Event: 52.013 Thread 0x000001d2142653f0 DEOPT PACKING pc=0x000001d207b42f0c sp=0x00000025c74fe170
Event: 52.013 Thread 0x000001d2142653f0 DEOPT UNPACKING pc=0x000001d207645c02 sp=0x00000025c74fe108 mode 2
Event: 52.017 Thread 0x000001d2142653f0 Uncommon trap: trap_request=0xffffffcc fr.pc=0x000001d207b4c3ec relative=0x00000000000003ac
Event: 52.017 Thread 0x000001d2142653f0 Uncommon trap: reason=intrinsic_or_type_checked_inlining action=make_not_entrant pc=0x000001d207b4c3ec method=java.util.Arrays.copyOf([Ljava/lang/Object;ILjava/lang/Class;)[Ljava/lang/Object; @ 35 c2
Event: 52.017 Thread 0x000001d2142653f0 DEOPT PACKING pc=0x000001d207b4c3ec sp=0x00000025c74fdff0
Event: 52.017 Thread 0x000001d2142653f0 DEOPT UNPACKING pc=0x000001d207645c02 sp=0x00000025c74fdf80 mode 2
Event: 52.075 Thread 0x000001d2142653f0 Uncommon trap: trap_request=0xffffff4d fr.pc=0x000001d207b57fe8 relative=0x00000000000003c8
Event: 52.075 Thread 0x000001d2142653f0 Uncommon trap: reason=unstable_if action=reinterpret pc=0x000001d207b57fe8 method=java.io.ByteArrayOutputStream.ensureCapacity(I)V @ 11 c2
Event: 52.075 Thread 0x000001d2142653f0 DEOPT PACKING pc=0x000001d207b57fe8 sp=0x00000025c74fe340
Event: 52.075 Thread 0x000001d2142653f0 DEOPT UNPACKING pc=0x000001d207645c02 sp=0x00000025c74fe220 mode 2
Event: 52.078 Thread 0x000001d2142653f0 Uncommon trap: trap_request=0xffffff4d fr.pc=0x000001d207b57728 relative=0x0000000000000208
Event: 52.078 Thread 0x000001d2142653f0 Uncommon trap: reason=unstable_if action=reinterpret pc=0x000001d207b57728 method=java.io.ByteArrayOutputStream.ensureCapacity(I)V @ 11 c2
Event: 52.078 Thread 0x000001d2142653f0 DEOPT PACKING pc=0x000001d207b57728 sp=0x00000025c74fe220
Event: 52.078 Thread 0x000001d2142653f0 DEOPT UNPACKING pc=0x000001d207645c02 sp=0x00000025c74fe158 mode 2

Classes loaded (20 events):
Event: 52.059 Loading class jdk/jfr/internal/MetadataWriter
Event: 52.060 Loading class jdk/jfr/internal/MetadataWriter done
Event: 52.060 Loading class jdk/jfr/internal/MetadataDescriptor$Element
Event: 52.060 Loading class jdk/jfr/internal/MetadataDescriptor$Element done
Event: 52.060 Loading class jdk/jfr/internal/MetadataDescriptor$Attribute
Event: 52.060 Loading class jdk/jfr/internal/MetadataDescriptor$Attribute done
Event: 52.071 Loading class jdk/jfr/internal/consumer/StringParser$Encoding
Event: 52.071 Loading class jdk/jfr/internal/consumer/StringParser$Encoding done
Event: 52.080 Loading class jdk/jfr/internal/consumer/RepositoryFiles
Event: 52.081 Loading class jdk/jfr/internal/consumer/RepositoryFiles done
Event: 52.085 Loading class jdk/jfr/internal/SettingsManager$InternalSetting
Event: 52.086 Loading class jdk/jfr/internal/SettingsManager$InternalSetting done
Event: 52.087 Loading class jdk/jfr/internal/util/Rate
Event: 52.088 Loading class jdk/jfr/internal/util/Rate done
Event: 52.088 Loading class jdk/jfr/internal/util/TimespanUnit
Event: 52.088 Loading class jdk/jfr/internal/util/TimespanUnit done
Event: 52.088 Loading class jdk/jfr/internal/util/ValueParser
Event: 52.088 Loading class jdk/jfr/internal/util/ValueParser done
Event: 52.089 Loading class jdk/jfr/internal/periodic/PeriodicType
Event: 52.089 Loading class jdk/jfr/internal/periodic/PeriodicType done

Classes unloaded (0 events):
No events

Classes redefined (0 events):
No events

Internal exceptions (20 events):
Event: 1.309 Thread 0x000001d214500f60 Exception <a 'java/lang/NoSuchMethodError'{0x00000000a70ae800}: 'java.lang.Object java.lang.invoke.DirectMethodHandle$Holder.invokeStatic(java.lang.Object, java.lang.Object, java.lang.Object, java.lang.Object, java.lang.Object, java.lang.Object, java.lang.Object, java.lang.Object, java.lang.Object)'> (0x00000000a70ae800) 
thrown [s\open\src\hotspot\share\interpreter\linkResolver.cpp, line 805]
Event: 1.310 Thread 0x000001d214500f60 Exception <a 'java/lang/NoSuchMethodError'{0x00000000a70c1cb0}: 'java.lang.Object java.lang.invoke.Invokers$Holder.invokeExact_MT(java.lang.Object, java.lang.Object, java.lang.Object, java.lang.Object, java.lang.Object, java.lang.Object)'> (0x00000000a70c1cb0) 
thrown [s\open\src\hotspot\share\interpreter\linkResolver.cpp, line 805]
Event: 1.346 Thread 0x000001d214500f60 Exception <a 'java/lang/NoSuchMethodError'{0x00000000a70cda40}: 'java.lang.Object java.lang.invoke.DirectMethodHandle$Holder.invokeInterface(java.lang.Object, java.lang.Object, java.lang.Object, java.lang.Object, java.lang.Object)'> (0x00000000a70cda40) 
thrown [s\open\src\hotspot\share\interpreter\linkResolver.cpp, line 805]
Event: 1.351 Thread 0x000001d214500f60 Exception <a 'java/lang/NoSuchMethodError'{0x00000000a6f18920}: 'double java.lang.invoke.DirectMethodHandle$Holder.invokeInterface(java.lang.Object, java.lang.Object)'> (0x00000000a6f18920) 
thrown [s\open\src\hotspot\share\interpreter\linkResolver.cpp, line 805]
Event: 1.351 Thread 0x000001d214500f60 Exception <a 'java/lang/NoSuchMethodError'{0x00000000a6f29590}: 'double java.lang.invoke.DelegatingMethodHandle$Holder.reinvoke_L(java.lang.Object, java.lang.Object)'> (0x00000000a6f29590) 
thrown [s\open\src\hotspot\share\interpreter\linkResolver.cpp, line 805]
Event: 1.719 Thread 0x000001d214500f60 Exception <a 'java/lang/NoSuchMethodError'{0x00000000a6f51210}: 'long java.lang.invoke.DirectMethodHandle$Holder.invokeVirtual(java.lang.Object, java.lang.Object)'> (0x00000000a6f51210) 
thrown [s\open\src\hotspot\share\interpreter\linkResolver.cpp, line 805]
Event: 1.720 Thread 0x000001d214500f60 Exception <a 'java/lang/NoSuchMethodError'{0x00000000a6f59500}: 'java.lang.Object java.lang.invoke.DirectMethodHandle$Holder.invokeStatic(java.lang.Object, long)'> (0x00000000a6f59500) 
thrown [s\open\src\hotspot\share\interpreter\linkResolver.cpp, line 805]
Event: 1.721 Thread 0x000001d214500f60 Exception <a 'java/lang/NoSuchMethodError'{0x00000000a6f695a8}: 'long java.lang.invoke.DelegatingMethodHandle$Holder.reinvoke_L(java.lang.Object, java.lang.Object)'> (0x00000000a6f695a8) 
thrown [s\open\src\hotspot\share\interpreter\linkResolver.cpp, line 805]
Event: 51.901 Thread 0x000001d2142653f0 Implicit null exception at 0x000001d207ade556 to 0x000001d207ade5f6
Event: 51.901 Thread 0x000001d2142653f0 Implicit null exception at 0x000001d207b2959d to 0x000001d207b29619
Event: 51.914 Thread 0x000001d2142653f0 Exception <a 'java/lang/NoSuchMethodError'{0x00000000a6c23fd0}: 'void java.lang.invoke.DirectMethodHandle$Holder.invokeStaticInit(java.lang.Object)'> (0x00000000a6c23fd0) 
thrown [s\open\src\hotspot\share\interpreter\linkResolver.cpp, line 805]
Event: 51.925 Thread 0x000001d2142653f0 Exception <a 'java/lang/NoSuchMethodError'{0x00000000a6c85908}: 'java.lang.Object java.lang.invoke.DirectMethodHandle$Holder.newInvokeSpecial(java.lang.Object, java.lang.Object, java.lang.Object, java.lang.Object, java.lang.Object)'> (0x00000000a6c85908) 
thrown [s\open\src\hotspot\share\interpreter\linkResolver.cpp, line 805]
Event: 51.965 Thread 0x000001d2142653f0 Exception <a 'java/lang/NoSuchMethodError'{0x00000000a6a1abc0}: 'int java.lang.invoke.DirectMethodHandle$Holder.invokeStatic(java.lang.Object, java.lang.Object, java.lang.Object, java.lang.Object)'> (0x00000000a6a1abc0) 
thrown [s\open\src\hotspot\share\interpreter\linkResolver.cpp, line 805]
Event: 52.040 Thread 0x000001d2142653f0 Exception <a 'java/lang/NoSuchMethodError'{0x00000000a6627c48}: 'void java.lang.invoke.DirectMethodHandle$Holder.invokeSpecial(java.lang.Object, java.lang.Object, int)'> (0x00000000a6627c48) 
thrown [s\open\src\hotspot\share\interpreter\linkResolver.cpp, line 805]
Event: 52.040 Thread 0x000001d2142653f0 Exception <a 'java/lang/NoSuchMethodError'{0x00000000a662f868}: 'void java.lang.invoke.Invokers$Holder.invokeExact_MT(java.lang.Object, int, java.lang.Object)'> (0x00000000a662f868) 
thrown [s\open\src\hotspot\share\interpreter\linkResolver.cpp, line 805]
Event: 52.043 Thread 0x000001d2142653f0 Exception <a 'java/lang/NoSuchMethodError'{0x00000000a664a048}: 'void java.lang.invoke.DirectMethodHandle$Holder.invokeStatic(java.lang.Object, java.lang.Object, int)'> (0x00000000a664a048) 
thrown [s\open\src\hotspot\share\interpreter\linkResolver.cpp, line 805]
Event: 52.043 Thread 0x000001d2142653f0 Exception <a 'java/lang/NoSuchMethodError'{0x00000000a6658f50}: 'java.lang.Object java.lang.invoke.DirectMethodHandle$Holder.newInvokeSpecial(java.lang.Object, java.lang.Object, int)'> (0x00000000a6658f50) 
thrown [s\open\src\hotspot\share\interpreter\linkResolver.cpp, line 805]
Event: 52.048 Thread 0x000001d2142653f0 Exception <a 'sun/nio/fs/WindowsException'{0x00000000a650d270}> (0x00000000a650d270) 
thrown [s\open\src\hotspot\share\prims\jni.cpp, line 518]
Event: 52.051 Thread 0x000001d2142653f0 Exception <a 'sun/nio/fs/WindowsException'{0x00000000a651a048}> (0x00000000a651a048) 
thrown [s\open\src\hotspot\share\prims\jni.cpp, line 518]
Event: 52.056 Thread 0x000001d2142653f0 Exception <a 'sun/nio/fs/WindowsException'{0x00000000a652be08}> (0x00000000a652be08) 
thrown [s\open\src\hotspot\share\prims\jni.cpp, line 518]

VM Operations (12 events):
Event: 0.055 Executing VM operation: HandshakeAllThreads (Deoptimize)
Event: 0.055 Executing VM operation: HandshakeAllThreads (Deoptimize) done
Event: 0.974 Executing VM operation: HandshakeAllThreads (Deoptimize)
Event: 0.974 Executing VM operation: HandshakeAllThreads (Deoptimize) done
Event: 1.020 Executing VM operation: HandshakeAllThreads (Deoptimize)
Event: 1.020 Executing VM operation: HandshakeAllThreads (Deoptimize) done
Event: 1.271 Executing VM operation: HandshakeAllThreads (Deoptimize)
Event: 1.271 Executing VM operation: HandshakeAllThreads (Deoptimize) done
Event: 52.045 Executing VM operation: HandshakeAllThreads (Deoptimize)
Event: 52.045 Executing VM operation: HandshakeAllThreads (Deoptimize) done
Event: 52.081 Executing VM operation: JFRSafepointClear
Event: 52.082 Executing VM operation: JFRSafepointClear done

Memory protections (0 events):
No events

Nmethod flushes (0 events):
No events

Events (20 events):
Event: 0.563 Thread 0x000001d275bd1a40 Thread added: 0x000001d2144c0dc0
Event: 0.563 Thread 0x000001d275bd1a40 Thread added: 0x000001d2144c1b10
Event: 0.563 Thread 0x000001d275bd1a40 Thread added: 0x000001d2144f9f00
Event: 0.563 Thread 0x000001d275bd1a40 Thread added: 0x000001d2144ff970
Event: 0.920 Thread 0x000001d2142a7230 Thread added: 0x000001d214b543d0
Event: 1.028 Thread 0x000001d2142653f0 Thread added: 0x000001d214500810
Event: 1.235 Thread 0x000001d214500810 Thread added: 0x000001d214500f60
Event: 1.236 Thread 0x000001d214b543d0 Thread exited: 0x000001d214b543d0
Event: 1.261 Thread 0x000001d214500f60 Thread added: 0x000001d2145016b0
Event: 1.270 Thread 0x000001d214500f60 Thread added: 0x000001d2144ff220
Event: 40.612 Thread 0x000001d275bd1a40 Thread exited: 0x000001d275bd1a40
Event: 40.612 Thread 0x000001d2144ff970 Thread exited: 0x000001d2144ff970
Event: 40.612 Thread 0x000001d2144f9f00 Thread exited: 0x000001d2144f9f00
Event: 40.612 Thread 0x000001d2144c1b10 Thread exited: 0x000001d2144c1b10
Event: 40.612 Thread 0x000001d214502550 Thread added: 0x000001d214502550
Event: 40.612 Thread 0x000001d2144c0270 Thread exited: 0x000001d2144c0270
Event: 51.884 Thread 0x000001d2142a7230 Thread added: 0x000001d214b543d0
Event: 51.885 Thread 0x000001d2142a7230 Thread added: 0x000001d214b578c0
Event: 51.911 Thread 0x000001d2142653f0 Thread added: 0x000001d2144ff970
Event: 52.044 Thread 0x000001d2142653f0 Thread added: 0x000001d2145000c0


Dynamic libraries:
0x00007ff7d3d90000 - 0x00007ff7d3da0000 	C:\Program Files\Java\jdk-24\bin\java.exe
0x00007ffb520e0000 - 0x00007ffb52348000 	C:\WINDOWS\SYSTEM32\ntdll.dll
0x00007ffb50690000 - 0x00007ffb50759000 	C:\WINDOWS\System32\KERNEL32.DLL
0x00007ffb4eb30000 - 0x00007ffb4ef21000 	C:\WINDOWS\System32\KERNELBASE.dll
0x00007ffb4fb00000 - 0x00007ffb4fc4b000 	C:\WINDOWS\System32\ucrtbase.dll
0x00007ffb49e30000 - 0x00007ffb49e4b000 	C:\Program Files\Java\jdk-24\bin\VCRUNTIME140.dll
0x00007ffb49e50000 - 0x00007ffb49e66000 	C:\Program Files\Java\jdk-24\bin\jli.dll
0x00007ffb517d0000 - 0x00007ffb51996000 	C:\WINDOWS\System32\USER32.dll
0x00007ffb34a70000 - 0x00007ffb34d03000 	C:\WINDOWS\WinSxS\amd64_microsoft.windows.common-controls_6595b64144ccf1df_6.0.26100.7824_none_3e0870b2e3345462\COMCTL32.dll
0x00007ffb4fad0000 - 0x00007ffb4faf7000 	C:\WINDOWS\System32\win32u.dll
0x00007ffb51230000 - 0x00007ffb512d9000 	C:\WINDOWS\System32\msvcrt.dll
0x00007ffb502d0000 - 0x00007ffb502fb000 	C:\WINDOWS\System32\GDI32.dll
0x00007ffb4ef30000 - 0x00007ffb4f05b000 	C:\WINDOWS\System32\gdi32full.dll
0x00007ffb4fc50000 - 0x00007ffb4fcf3000 	C:\WINDOWS\System32\msvcp_win.dll
0x00007ffb50a90000 - 0x00007ffb50ac1000 	C:\WINDOWS\System32\IMM32.DLL
0x00007ffb3d980000 - 0x00007ffb3d98c000 	C:\Program Files\Java\jdk-24\bin\vcruntime140_1.dll
0x00007ffb32840000 - 0x00007ffb328ce000 	C:\Program Files\Java\jdk-24\bin\msvcp140.dll
0x00007ffaab400000 - 0x00007ffaac1a1000 	C:\Program Files\Java\jdk-24\bin\server\jvm.dll
0x00007ffb50860000 - 0x00007ffb50914000 	C:\WINDOWS\System32\ADVAPI32.dll
0x00007ffb504a0000 - 0x00007ffb50546000 	C:\WINDOWS\System32\sechost.dll
0x00007ffb516b0000 - 0x00007ffb517c8000 	C:\WINDOWS\System32\RPCRT4.dll
0x00007ffb51b10000 - 0x00007ffb51b84000 	C:\WINDOWS\System32\WS2_32.dll
0x00007ffb4e840000 - 0x00007ffb4e89e000 	C:\WINDOWS\SYSTEM32\POWRPROF.dll
0x00007ffb3d490000 - 0x00007ffb3d4c5000 	C:\WINDOWS\SYSTEM32\WINMM.dll
0x00007ffb3d560000 - 0x00007ffb3d56b000 	C:\WINDOWS\SYSTEM32\VERSION.dll
0x00007ffb4e820000 - 0x00007ffb4e834000 	C:\WINDOWS\SYSTEM32\UMPDC.dll
0x00007ffb4d730000 - 0x00007ffb4d74b000 	C:\WINDOWS\SYSTEM32\kernel.appcore.dll
0x00007ffb329b0000 - 0x00007ffb329ba000 	C:\Program Files\Java\jdk-24\bin\jimage.dll
0x00007ffb4cb90000 - 0x00007ffb4cdd2000 	C:\WINDOWS\SYSTEM32\DBGHELP.DLL
0x00007ffb4ff40000 - 0x00007ffb502c6000 	C:\WINDOWS\System32\combase.dll
0x00007ffb509b0000 - 0x00007ffb50a87000 	C:\WINDOWS\System32\OLEAUT32.dll
0x00007ffb2e190000 - 0x00007ffb2e1cb000 	C:\WINDOWS\SYSTEM32\dbgcore.DLL
0x00007ffb4f060000 - 0x00007ffb4f105000 	C:\WINDOWS\System32\bcryptPrimitives.dll
0x00007ffb32730000 - 0x00007ffb3273f000 	C:\Program Files\Java\jdk-24\bin\instrument.dll
0x00007ffb32990000 - 0x00007ffb329ae000 	C:\Program Files\Java\jdk-24\bin\java.dll
0x00007ffb50300000 - 0x00007ffb50497000 	C:\WINDOWS\System32\ole32.dll
0x00007ffb50ad0000 - 0x00007ffb51222000 	C:\WINDOWS\System32\SHELL32.dll
0x00007ffb4e9c0000 - 0x00007ffb4eb2a000 	C:\WINDOWS\System32\wintypes.dll
0x00007ffb4f1a0000 - 0x00007ffb4fa03000 	C:\WINDOWS\System32\windows.storage.dll
0x00007ffb515b0000 - 0x00007ffb516a6000 	C:\WINDOWS\System32\SHCORE.dll
0x00007ffb50580000 - 0x00007ffb505e7000 	C:\WINDOWS\System32\shlwapi.dll
0x00007ffb4e8e0000 - 0x00007ffb4e909000 	C:\WINDOWS\SYSTEM32\profapi.dll
0x00007ffb32760000 - 0x00007ffb32837000 	C:\Program Files\Java\jdk-24\bin\jsvml.dll
0x00007ffb260d0000 - 0x00007ffb260e7000 	C:\Program Files\Java\jdk-24\bin\zip.dll
0x00007ffb32980000 - 0x00007ffb32990000 	C:\Program Files\Java\jdk-24\bin\net.dll
0x00007ffb4dcd0000 - 0x00007ffb4dd3b000 	C:\WINDOWS\system32\mswsock.dll
0x00007ffb32740000 - 0x00007ffb32756000 	C:\Program Files\Java\jdk-24\bin\nio.dll
0x00007ffb21590000 - 0x00007ffb215aa000 	D:\Games\IntelliJ IDEA 2024.2.4\bin\breakgen64.dll
0x00007ffb22380000 - 0x00007ffb22389000 	C:\Program Files\Java\jdk-24\bin\extnet.dll
0x00007ffb4d1b0000 - 0x00007ffb4d2dc000 	C:\WINDOWS\SYSTEM32\DNSAPI.dll
0x00007ffb4d120000 - 0x00007ffb4d154000 	C:\WINDOWS\SYSTEM32\IPHLPAPI.DLL
0x00007ffb4fee0000 - 0x00007ffb4feea000 	C:\WINDOWS\System32\NSI.dll
0x00007ffb3a1e0000 - 0x00007ffb3a1eb000 	C:\Windows\System32\rasadhlp.dll
0x00007ffb3b260000 - 0x00007ffb3b2e6000 	C:\WINDOWS\System32\fwpuclnt.dll
0x00007ffb263d0000 - 0x00007ffb263da000 	C:\Program Files\Java\jdk-24\bin\management.dll
0x00007ffb223a0000 - 0x00007ffb223ab000 	C:\Program Files\Java\jdk-24\bin\management_ext.dll
0x00007ffb50680000 - 0x00007ffb50688000 	C:\WINDOWS\System32\PSAPI.DLL
0x00007ffb4dfa0000 - 0x00007ffb4dfbb000 	C:\WINDOWS\SYSTEM32\CRYPTSP.dll
0x00007ffb4d690000 - 0x00007ffb4d6c9000 	C:\WINDOWS\system32\rsaenh.dll
0x00007ffb4dd80000 - 0x00007ffb4ddab000 	C:\WINDOWS\SYSTEM32\USERENV.dll
0x00007ffb4e8b0000 - 0x00007ffb4e8da000 	C:\WINDOWS\SYSTEM32\bcrypt.dll
0x00007ffb4dfc0000 - 0x00007ffb4dfcc000 	C:\WINDOWS\SYSTEM32\CRYPTBASE.dll
0x00007ffb2e1f0000 - 0x00007ffb2e208000 	C:\WINDOWS\system32\napinsp.dll
0x00007ffb2e1d0000 - 0x00007ffb2e1e2000 	C:\WINDOWS\System32\winrnr.dll
0x00007ffb2e160000 - 0x00007ffb2e182000 	C:\WINDOWS\system32\nlansp_c.dll
0x00007ffb2dfb0000 - 0x00007ffb2dfc6000 	C:\WINDOWS\system32\wshbth.dll
0x00007ffb2a600000 - 0x00007ffb2a656000 	C:\WINDOWS\SYSTEM32\pdh.dll
0x00007ffb39080000 - 0x00007ffb39092000 	C:\WINDOWS\System32\perfproc.dll
0x00007ffb29ef0000 - 0x00007ffb29f01000 	C:\WINDOWS\System32\perfos.dll
0x00007ffb4c0a0000 - 0x00007ffb4c0b2000 	C:\WINDOWS\SYSTEM32\pfclient.dll
0x00007ffaca340000 - 0x00007ffaca539000 	C:\Users\ajeet\AppData\Local\Temp\idea_libasyncProfiler_dll_temp_folder\libasyncProfiler.dll

JVMTI agents:
D:\Games\IntelliJ IDEA 2024.2.4\lib\idea_rt.jar path:C:\Program Files\Java\jdk-24\bin\instrument.dll, loaded, initialized, instrumentlib options:63000:D:\Games\IntelliJ IDEA 2024.2.4\bin

dbghelp: loaded successfully - version: 4.0.5 - missing functions: none
symbol engine: initialized successfully - sym options: 0x614 - pdb path: .;C:\Program Files\Java\jdk-24\bin;C:\WINDOWS\SYSTEM32;C:\WINDOWS\WinSxS\amd64_microsoft.windows.common-controls_6595b64144ccf1df_6.0.26100.7824_none_3e0870b2e3345462;C:\Program Files\Java\jdk-24\bin\server;D:\Games\IntelliJ IDEA 2024.2.4\bin;C:\Users\ajeet\AppData\Local\Temp\idea_libasyncProfiler_dll_temp_folder

VM Arguments:
jvm_args: --enable-preview -javaagent:D:\Games\IntelliJ IDEA 2024.2.4\lib\idea_rt.jar=63000:D:\Games\IntelliJ IDEA 2024.2.4\bin -Dfile.encoding=UTF-8 -Dsun.stdout.encoding=UTF-8 -Dsun.stderr.encoding=UTF-8 
java_command: Main
java_class_path (initial): D:\java_projects\new_battle\out\production\new_battle
Launcher Type: SUN_STANDARD

[Global flags]
     intx CICompilerCount                          = 4                                         {product} {ergonomic}
     uint ConcGCThreads                            = 3                                         {product} {ergonomic}
     bool FlightRecorder                           = true                                      {product} {management}
     uint G1ConcRefinementThreads                  = 10                                        {product} {ergonomic}
   size_t G1HeapRegionSize                         = 1048576                                   {product} {ergonomic}
   size_t InitialHeapSize                          = 98566144                                  {product} {ergonomic}
   size_t MarkStackSize                            = 4194304                                   {product} {ergonomic}
   size_t MarkStackSizeMax                         = 536870912                                 {product} {ergonomic}
   size_t MaxHeapSize                              = 1572864000                                {product} {ergonomic}
   size_t MaxNewSize                               = 943718400                                 {product} {ergonomic}
   size_t MinHeapDeltaBytes                        = 1048576                                   {product} {ergonomic}
   size_t MinHeapSize                              = 8388608                                   {product} {ergonomic}
    uintx NonNMethodCodeHeapSize                   = 5832704                                {pd product} {ergonomic}
    uintx NonProfiledCodeHeapSize                  = 122945536                              {pd product} {ergonomic}
    uintx ProfiledCodeHeapSize                     = 122880000                              {pd product} {ergonomic}
    uintx ReservedCodeCacheSize                    = 251658240                              {pd product} {ergonomic}
     bool SegmentedCodeCache                       = true                                      {product} {ergonomic}
   size_t SoftMaxHeapSize                          = 1572864000                             {manageable} {ergonomic}
     bool UseCompressedOops                        = true                           {product lp64_product} {ergonomic}
     bool UseG1GC                                  = true                                      {product} {ergonomic}
     bool UseLargePagesIndividualAllocation        = false                                  {pd product} {ergonomic}

Logging:
Log output configuration:
 #0: stdout all=warning uptime,level,tags foldmultilines=false
 #1: stderr all=off uptime,level,tags foldmultilines=false

Environment Variables:
PATH=C:\Program Files (x86)\Common Files\Intel\Shared Libraries\redist\intel64_win\compiler;C:\Program Files\Common Files\Oracle\Java\javapath;C:\Windows\system32;C:\Windows;C:\Windows\System32\Wbem;C:\Windows\System32\WindowsPowerShell\v1.0\;C:\Windows\System32\OpenSSH\;C:\Program Files (x86)\NVIDIA Corporation\PhysX\Common;C:\WINDOWS\system32;C:\WINDOWS;C:\WINDOWS\System32\Wbem;C:\WINDOWS\System32\WindowsPowerShell\v1.0\;C:\WINDOWS\System32\OpenSSH\;C:\MinGW\bin;C:\Program Files\dotnet\;C:\Program Files\nodejs\;C:\ProgramData\chocolatey\bin;C:\Program Files\Git\cmd;C:\Users\ajeet\AppData\Local\Programs\Tesseract-OCR;C:\Users\ajeet\AppData\Local\Programs\poppler-24080\Library\bin;C:\Program Files\Docker\Docker\resources\bin;C:\Program Files\Cloudflare\Cloudflare WARP\;C:\Users\ajeet\AppData\Local\Programs\Python\Python310\Scripts\;C:\Users\ajeet\AppData\Local\Programs\Python\Python310\;C:\Windows\system32;C:\Windows;C:\Windows\System32\Wbem;C:\Windows\System32\WindowsPowerShell\v1.0\;C:\Windows\System32\OpenSSH\;C:\Program Files (x86)\NVIDIA Corporation\PhysX\Common;C:\WINDOWS\system32;C:\WINDOWS;C:\WINDOWS\System32\Wbem;C:\WINDOWS\System32\WindowsPowerShell\v1.0\;C:\WINDOWS\System32\OpenSSH\;C:\MinGW\bin;C:\Program Files\dotnet\;C:\Program Files\nodejs\;C:\ProgramData\chocolatey\bin;C:\Program Files\Git\cmd;C:\Users\ajeet\AppData\Local\Microsoft\WindowsApps;C:\Users\ajeet\AppData\Local\Programs\Microsoft VS Code\bin;C:\Users\ajeet\AppData\Roaming\npm;C:\Users\ajeet\AppData\Local\Microsoft\WindowsApps;C:\Users\ajeet\AppData\Local\Programs\cursor\resources\app\bin
USERNAME=ajeet
OS=Windows_NT
PROCESSOR_IDENTIFIER=AMD64 Family 25 Model 80 Stepping 0, AuthenticAMD
TMP=C:\Users\ajeet\AppData\Local\Temp
TEMP=C:\Users\ajeet\AppData\Local\Temp




Periodic native trim disabled

---------------  S Y S T E M  ---------------

OS:
 Windows 11 , 64 bit Build 26100 (10.0.26100.7705)
OS uptime: 0 days 4:24 hours
Hyper-V role detected

CPU: total 12 (initial active 12) (12 cores per cpu, 2 threads per core) family 25 model 80 stepping 0 microcode 0xa50000c, cx8, cmov, fxsr, ht, mmx, 3dnowpref, sse, sse2, sse3, ssse3, sse4a, sse4.1, sse4.2, popcnt, lzcnt, tsc, tscinvbit, avx, avx2, aes, erms, clmul, bmi1, bmi2, adx, sha, fma, vzeroupper, clflush, clflushopt, hv, rdtscp, rdpid, fsrm, f16c, cet_ss
Processor Information for processor 0
  Max Mhz: 3301, Current Mhz: 2011, Mhz Limit: 3301
Processor Information for processor 1
  Max Mhz: 3301, Current Mhz: 2011, Mhz Limit: 3301
Processor Information for processor 2
  Max Mhz: 3301, Current Mhz: 3301, Mhz Limit: 3301
Processor Information for processor 3
  Max Mhz: 3301, Current Mhz: 2011, Mhz Limit: 3301
Processor Information for processor 4
  Max Mhz: 3301, Current Mhz: 2011, Mhz Limit: 3301
Processor Information for processor 5
  Max Mhz: 3301, Current Mhz: 2011, Mhz Limit: 3301
Processor Information for processor 6
  Max Mhz: 3301, Current Mhz: 2011, Mhz Limit: 3301
Processor Information for processor 7
  Max Mhz: 3301, Current Mhz: 2011, Mhz Limit: 3301
Processor Information for processor 8
  Max Mhz: 3301, Current Mhz: 2011, Mhz Limit: 3301
Processor Information for processor 9
  Max Mhz: 3301, Current Mhz: 2011, Mhz Limit: 3301
Processor Information for processor 10
  Max Mhz: 3301, Current Mhz: 2011, Mhz Limit: 3301
Processor Information for processor 11
  Max Mhz: 3301, Current Mhz: 2011, Mhz Limit: 3301

Memory: 4k page, system-wide physical 5996M (634M free)
TotalPageFile size 19172M (AvailPageFile size 2479M)
current process WorkingSet (physical memory assigned to process): 89M, peak: 89M
current process commit charge ("private bytes"): 236M, peak: 239M

vm_info: Java HotSpot(TM) 64-Bit Server VM (24.0.2+12-54) for windows-amd64 JRE (24.0.2+12-54), built on 2025-07-08T12:10:27Z with MS VC++ 17.6 (VS2022)

END.
